<?xml version="1.0" encoding="UTF-8"?>
<!-- Generated by org.testng.reporters.JUnitXMLReporter -->
<testsuite hostname="DESKTOP-Q50PKRU" ignored="0" name="Default test" tests="3" failures="0" timestamp="2020-07-25T00:18:20 EET" time="18.969" errors="0">
  <testcase name="UserRegistrationSuccss" time="7.45" classname="tests.EmailProductToFriendTest"/>
  <testcase name="userSearchByAutoSuggest" time="7.673" classname="tests.EmailProductToFriendTest"/>
  <testcase name="userEmailAproductToFriend" time="3.735" classname="tests.EmailProductToFriendTest"/>
</testsuite> <!-- Default test -->
