<?xml version="1.0" encoding="UTF-8"?>
<!-- Generated by org.testng.reporters.JUnitXMLReporter -->
<testsuite hostname="DESKTOP-Q50PKRU" ignored="0" name="Default test" tests="2" failures="0" timestamp="2020-07-30T02:32:48 EET" time="27.697" errors="0">
  <testcase name="userAddProductsToCompareList" time="17.975" classname="tests.CompareListAddAndRemoveTest"/>
  <testcase name="userRemoveProductsFromeCompareList" time="9.509" classname="tests.CompareListAddAndRemoveTest"/>
</testsuite> <!-- Default test -->
