<?xml version="1.0" encoding="UTF-8"?>
<!-- Generated by org.testng.reporters.JUnitXMLReporter -->
<testsuite hostname="DESKTOP-Q50PKRU" ignored="0" name="Regression Test" tests="3" failures="0" timestamp="2020-07-13T16:50:51 EET" time="16.392" errors="0">
  <testcase name="registrationSuccss" time="7.891" classname="tests.UserRegistrationAndLoginTest"/>
  <testcase name="logoutSuccss" time="2.854" classname="tests.UserRegistrationAndLoginTest"/>
  <testcase name="loginSuccss" time="5.567" classname="tests.UserRegistrationAndLoginTest"/>
</testsuite> <!-- Regression Test -->
