<?xml version="1.0" encoding="UTF-8"?>
<testng-results skipped="0" failed="0" ignored="0" total="3" passed="3">
  <reporter-output>
  </reporter-output>
  <suite name="Default suite" duration-ms="22798" started-at="2020-08-06T17:50:23 EET" finished-at="2020-08-06T17:50:46 EET">
    <groups>
    </groups>
    <test name="Default test" duration-ms="22798" started-at="2020-08-06T17:50:23 EET" finished-at="2020-08-06T17:50:46 EET">
      <class name="tests.UserRegistrationAndLoginTest">
        <test-method status="PASS" signature="startDriver(java.lang.String)[pri:0, instance:tests.UserRegistrationAndLoginTest@11438d26]" name="startDriver" is-config="true" duration-ms="24160" started-at="2020-08-06T17:49:59 EET" finished-at="2020-08-06T17:50:23 EET">
          <params>
            <param index="0">
              <value>
                <![CDATA[chrome]]>
              </value>
            </param>
          </params>
          <reporter-output>
          </reporter-output>
        </test-method> <!-- startDriver -->
        <test-method status="PASS" signature="userRegistrationSuccss()[pri:1, instance:tests.UserRegistrationAndLoginTest@11438d26]" name="userRegistrationSuccss" duration-ms="8258" started-at="2020-08-06T17:50:23 EET" finished-at="2020-08-06T17:50:32 EET">
          <reporter-output>
          </reporter-output>
        </test-method> <!-- userRegistrationSuccss -->
        <test-method status="PASS" signature="userLogoutSuccss()[pri:2, instance:tests.UserRegistrationAndLoginTest@11438d26]" name="userLogoutSuccss" duration-ms="3341" started-at="2020-08-06T17:50:32 EET" finished-at="2020-08-06T17:50:35 EET">
          <reporter-output>
          </reporter-output>
        </test-method> <!-- userLogoutSuccss -->
        <test-method status="PASS" signature="userLoginSuccss()[pri:3, instance:tests.UserRegistrationAndLoginTest@11438d26]" name="userLoginSuccss" duration-ms="11106" started-at="2020-08-06T17:50:35 EET" finished-at="2020-08-06T17:50:46 EET">
          <reporter-output>
          </reporter-output>
        </test-method> <!-- userLoginSuccss -->
        <test-method status="PASS" signature="stopDriver()[pri:0, instance:tests.UserRegistrationAndLoginTest@11438d26]" name="stopDriver" is-config="true" duration-ms="1197" started-at="2020-08-06T17:50:46 EET" finished-at="2020-08-06T17:50:48 EET">
          <reporter-output>
          </reporter-output>
        </test-method> <!-- stopDriver -->
      </class> <!-- tests.UserRegistrationAndLoginTest -->
    </test> <!-- Default test -->
  </suite> <!-- Default suite -->
</testng-results>
